<?xml version="1.0" encoding="UTF-8"?>
<!-- Generated by org.testng.reporters.JUnitReportReporter -->
<testsuite skipped="0" hostname="WXVDSKFPX23147" name="com.vfislk.com.LoginTest" tests="2" failures="0" timestamp="27 Jul 2021 04:58:30 GMT" time="35.159" errors="0">
  <testcase name="ValidCredentialTest" time="18.092" classname="com.vfislk.com.LoginTest"/>
  <testcase name="invalidCredentialTest" time="17.067" classname="com.vfislk.com.LoginTest"/>
</testsuite> <!-- com.vfislk.com.LoginTest -->
